make --dry-run --keep-going --print-directory
make: Entering directory `/Users/hboumahd/Desktop/so_long'
cc  -Wall -Wextra -Werror  -Imlx -c code/so_long.c -o code/so_long.o
 
cc  -Wall -Wextra -Werror  -Imlx -c code/map.c -o code/map.o
cc  -Wall -Wextra -Werror  -Imlx -c code/map_check.c -o code/map_check.o
cc  -Wall -Wextra -Werror  -Imlx -c code/move.c -o code/move.o
cc  -Wall -Wextra -Werror  -Imlx -c code/draw.c -o code/draw.o
 
/Library/Developer/CommandLineTools/usr/bin/make -C ./code/ft_printf/
 
make[1]: Entering directory `/Users/hboumahd/Desktop/so_long/code/ft_printf'
ar rcs ft_printf.a ft_printf.o ft_putchar.o ft_putnbr_base.o ft_putstr.o ft_putnbr_base2.o ft_putnbr.o 
mv ft_printf.a ..
make[1]: Leaving directory `/Users/hboumahd/Desktop/so_long/code/ft_printf'
 
/Library/Developer/CommandLineTools/usr/bin/make -C ./code/get_next_line/
 
make[1]: Entering directory `/Users/hboumahd/Desktop/so_long/code/get_next_line'
ar rcs get_next_line.a get_next_line.o get_next_line_utils.o 
mv get_next_line.a ..
make[1]: Leaving directory `/Users/hboumahd/Desktop/so_long/code/get_next_line'
 
/Library/Developer/CommandLineTools/usr/bin/make -C ./code/libft/
 
make[1]: Entering directory `/Users/hboumahd/Desktop/so_long/code/libft'
ar rcs libft.a ft_isdigit.o ft_memset.o ft_strjoin.o ft_strtrim.o ft_isprint.o ft_putchar_fd.o ft_strlcat.o ft_substr.o ft_itoa.o ft_atoi.o ft_putendl_fd.o ft_strlcpy.o ft_tolower.o ft_bzero.o ft_putnbr_fd.o ft_strlen.o ft_toupper.o ft_calloc.o ft_memchr.o ft_putstr_fd.o ft_strmapi.o ft_isalnum.o ft_memcmp.o ft_split.o ft_strncmp.o ft_isalpha.o ft_memcpy.o ft_strchr.o ft_strnstr.o ft_isascii.o ft_memmove.o ft_strdup.o ft_strrchr.o ft_striteri.o
 
mv libft.a ..
make[1]: Leaving directory `/Users/hboumahd/Desktop/so_long/code/libft'
echo "make the ft_printf.a" 
echo "make the get_next_line.a"
echo "make the libft.a"
echo "make the so_long program"
cc  -Wall -Wextra -Werror  ./code/so_long.o ./code/map.o ./code/map_check.o ./code/move.o ./code/draw.o ./code/ft_printf.a ./code/get_next_line.a ./code/libft.a -lmlx -framework OpenGL -framework AppKit -o so_long
 
make: Leaving directory `/Users/hboumahd/Desktop/so_long'
 
