make all --print-data-base --no-builtin-variables --no-builtin-rules --question
# GNU Make 3.81
# Copyright (C) 2006  Free Software Foundation, Inc.
# This is free software; see the source for copying conditions.
# There is NO warranty; not even for MERCHANTABILITY or FITNESS FOR A
# PARTICULAR PURPOSE.

# This program built for i386-apple-darwin11.3.0
 

# Make data base, printed on Mon Feb 21 12:58:50 2022

# Variables

 
# automatic
<D = $(patsubst %/,%,$(dir $<))
# automatic
?F = $(notdir $?)
# environment
ELECTRON_NO_ATTACH_CONSOLE = 1
# makefile (from `Makefile', line 37)
INCLUDE3 = ./code/get_next_line/get_next_line.h 
# makefile (from `Makefile', line 20)
SRC = so_long.c map.c map_check.c move.c draw.c
# environment
VSCODE_LOG_NATIVE = false
# automatic
?D = $(patsubst %/,%,$(dir $?))
# automatic
@D = $(patsubst %/,%,$(dir $@))
# automatic
@F = $(notdir $@)
# makefile
CURDIR := /Users/hboumahd/Desktop/so_long
# makefile
SHELL = /bin/sh
# environment
VSCODE_NLS_CONFIG = {"locale":"en-us","availableLanguages":{},"_languagePackSupport":true}
# environment
_ = /usr/bin/make
# makefile (from `Makefile', line 18)
LIBFT_FOLDER = ./code/libft
# makefile (from `Makefile', line 36)
INCLUDE2 = ./code/ft_printf/ft_printf.h  
# makefile (from `Makefile', line 1)
MAKEFILE_LIST :=  Makefile
# makefile (from `Makefile', line 28)
OTHEROBJ = $(addprefix $(OTHER_FOLDER), $(OTHERS))
# environment
VSCODE_VERBOSE_LOGGING = true
# environment
VSCODE_IPC_HOOK_EXTHOST = /var/folders/zz/zyxvpxvq6csfxvn_n000cdf80033bk/T/vscode-ipc-85ee03f4-c0af-4805-b4cc-3f99612ca01a.sock
# environment
VSCODE_CWD = /Users/hboumahd/Desktop
# environment
Apple_PubSub_Socket_Render = /private/tmp/com.apple.launchd.v9ERsR24Gc/Render
# environment
PATH = /usr/local/bin:/usr/bin:/bin:/usr/sbin:/sbin:/usr/local/munki:/Users/hboumahd/goinfre/devtools/Android/sdk/tools/bin:/Users/hboumahd/goinfre/devtools/Android/sdk/emulator:/Users/hboumahd/goinfre/devtools/flutter/bin:/Users/hboumahd/goinfre/devtools/gradle/bin:/Applications/Visual Studio Code.app/Contents/Resources/app/bin:/Users/hboumahd/goinfre/devtools/jdk/Contents/Home/bin
# environment
VSCODE_LOG_STACK = false
# environment
ELECTRON_RUN_AS_NODE = 1
# makefile (from `Makefile', line 24)
SRCOBJ = ${SRCS:.c=.o}
# default
.FEATURES := target-specific order-only second-expansion else-if archives jobserver check-symlink
# makefile (from `Makefile', line 26)
OTHER_FOLDER = ./code/**/
# environment
SSH_AUTH_SOCK = /private/tmp/com.apple.launchd.ubE5JDwUej/Listeners
# automatic
%F = $(notdir $%)
# makefile (from `Makefile', line 17)
GET_NEXT_LINE_FOLDER = ./code/get_next_line
# environment
VSCODE_PIPE_LOGGING = true
# environment
PWD = /Users/hboumahd/Desktop/so_long
# environment
ORIGINAL_XDG_CURRENT_DESKTOP = undefined
# environment
VSCODE_AMD_ENTRYPOINT = vs/workbench/services/extensions/node/extensionHostProcess
# environment
HOME = /Users/hboumahd
# makefile (from `Makefile', line 27)
OTHERS = *.c
# default
MAKEFILEPATH := /Applications/Xcode.app/Contents/Developer/Makefiles
# environment
VSCODE_CLI = 1
# environment
VSCODE_CODE_CACHE_PATH = /Users/hboumahd/Library/Application Support/Code/CachedData/ccbaa2d27e38e5afa3e5c21c1c7bef4657064247
# environment
LOGNAME = hboumahd
# environment
APPLICATION_INSIGHTS_NO_DIAGNOSTIC_CHANNEL = true
# environment
VSCODE_HANDLES_UNCAUGHT_ERRORS = true
# automatic
^D = $(patsubst %/,%,$(dir $^))
# environment
GRADLE_USER_HOME = /Users/hboumahd/goinfre/devtools/gradle
# environment
XPC_FLAGS = 0x0
# environment
COLORTERM = truecolor
# default
MAKE = $(MAKE_COMMAND)
# makefile (from `Makefile', line 15)
SRC_FOLDER = ./code/
# environment
LC_TERMINAL = iTerm2
# makefile (from `Makefile', line 38)
INCLUDE4 = ./code/libft/libft.h 
# makefile (from `Makefile', line 16)
FT_PRINTF_FOLDER = ./code/ft_printf
# makefile (from `Makefile', line 22)
SRCS = $(addprefix $(SRC_FOLDER), $(SRC))
# environment
SHLVL = 3
# makefile (from `Makefile', line 32)
LIBFT = ./code/libft.a
# makefile (from `Makefile', line 40)
CC = cc 
# environment
DEV_TOOLS = /Users/hboumahd/goinfre/devtools
# environment
JAVA_HOME = /Users/hboumahd/goinfre/devtools/jdk/Contents/Home
# default
MAKE_VERSION := 3.81
# environment
USER = hboumahd
# makefile
.DEFAULT_GOAL := so_long
# makefile (from `Makefile', line 35)
INCLUDE1 = ./code/so_long.h
# default
MAKECMDGOALS := all
# environment
TERM_SESSION_ID = w0t0p0:8D26169B-AA3A-4CF2-9A9E-1273DD772EAC
# makefile (from `Makefile', line 13)
NAME = so_long
# automatic
%D = $(patsubst %/,%,$(dir $%))
# default
MAKE_COMMAND := /Applications/Xcode.app/Contents/Developer/usr/bin/make
# environment
TERM_PROGRAM = iTerm.app
# default
.VARIABLES := 
# environment
TMPDIR = /var/folders/zz/zyxvpxvq6csfxvn_n000cdf80033bk/T/
# automatic
*F = $(notdir $*)
# environment
VSCODE_IPC_HOOK = /Users/hboumahd/Library/Application Support/Code/1.62.3-main.sock
# makefile
MAKEFLAGS = Rrqp
# environment
MFLAGS = -Rrqp
# automatic
*D = $(patsubst %/,%,$(dir $*))
# environment
TERM_PROGRAM_VERSION = 3.4.13
# environment
XPC_SERVICE_NAME = 0
# environment
LC_TERMINAL_VERSION = 3.4.13
# automatic
+D = $(patsubst %/,%,$(dir $+))
# automatic
+F = $(notdir $+)
# environment
ITERM_SESSION_ID = w0t0p0:8D26169B-AA3A-4CF2-9A9E-1273DD772EAC
# environment
COLORFGBG = 7;0
# environment
__CF_USER_TEXT_ENCODING = 0x18D72:0:0
# default
MAKEFILES := 
# automatic
<F = $(notdir $<)
# environment
ITERM_PROFILE = Default
# environment
APPS = /Users/hboumahd/goinfre/apps
# makefile (from `Makefile', line 30)
PRINTF = ./code/printf.a
# environment
ANDROID_SDK_ROOT = /Users/hboumahd/goinfre/devtools/Android/sdk
# environment
LC_ALL = C
# makefile (from `Makefile', line 31)
GET_NEXT_LINE = ./code/get_next_line.a
# automatic
^F = $(notdir $^)
# environment
GRADLE_OPTS = -Dgradle.user.home=/Users/hboumahd/goinfre/devtools/gradle
# default
SUFFIXES := 
# environment
JAVA_17_HOME = /Users/hboumahd/goinfre/devtools/jdk/Contents/Home
# makefile (from `Makefile', line 43)
FLAGS = -Wall -Wextra -Werror 
# default
.INCLUDE_DIRS = /usr/local/include
# environment
MAKELEVEL := 0
# environment
LANG = C
# environment
TERM = xterm-256color
# environment
VSCODE_PID = 67244
# variable set hash-table stats:
 
# Load=100/1024=10%, Rehash=0, Collisions=8/141=6%

# Pattern-specific Variable Values

# No pattern-specific variable values.

# Directories

# code/draw.c (device 16777227, inode 1875702): could not be opened.
# . (device 16777227, inode 1792472): 9 files, no impossibilities.
# code/so_long.h (device 16777227, inode 1796057): could not be opened.
# code/map_check.c (device 16777227, inode 1833023): could not be opened.
# code/libft (device 16777227, inode 1824435): 46 files, no impossibilities.
# code/map.c (device 16777227, inode 1825323): could not be opened.
# code/get_next_line (device 16777227, inode 1816969): 6 files, no impossibilities.
# code/maps (device 16777227, inode 1809083): 4 files, no impossibilities.
# code/so_long.c (device 16777227, inode 1792662): could not be opened.
# code/move.c (device 16777227, inode 1849809): could not be opened.
# code (device 16777227, inode 1795994): 12 files, no impossibilities so far.
# code/ft_printf (device 16777227, inode 1792652): 11 files, no impossibilities.

# 88 files, no impossibilities in 12 directories.

# Implicit Rules

%.o: %.c ./code/so_long.h ./code/ft_printf/ft_printf.h   ./code/get_next_line/get_next_line.h  ./code/libft/libft.h
#  commands to execute (from `Makefile', line 46):
	$(CC) ${FLAGS} -Imlx -c $< -o $@
	

# 1 implicit rules, 0 (0.0%) terminal.

# Files

# Not a target:
code/libft/ft_memmove.c:
#  Implicit rule search has not been done.
#  Modification time never checked.
#  File has not been updated.

# Not a target:
code/libft/ft_strchr.c:
#  Implicit rule search has not been done.
#  Modification time never checked.
#  File has not been updated.

# Not a target:
code/ft_printf/ft_putnbr_base.c:
#  Implicit rule search has not been done.
#  Modification time never checked.
#  File has not been updated.

# Not a target:
code/libft/ft_toupper.c:
#  Implicit rule search has not been done.
#  Modification time never checked.
#  File has not been updated.

# Not a target:
code/ft_printf/main.c:
#  Implicit rule search has not been done.
#  Modification time never checked.
#  File has not been updated.

# Not a target:
code/libft/ft_strnstr.c:
#  Implicit rule search has not been done.
#  Modification time never checked.
#  File has not been updated.

# Not a target:
code/libft/ft_putstr_fd.c:
#  Implicit rule search has not been done.
#  Modification time never checked.
#  File has not been updated.

code/so_long.o: code/so_long.c code/so_long.h code/ft_printf/ft_printf.h code/get_next_line/get_next_line.h code/libft/libft.h
#  Implicit rule search has been done.
#  Implicit/static pattern stem: `code/so_long'
#  File does not exist.
#  File has been updated.
#  Needs to be updated (-q is set).
# automatic
# @ := code/so_long.o
# automatic
# % := 
# automatic
# * := code/so_long
# automatic
# + := code/so_long.c code/so_long.h code/ft_printf/ft_printf.h code/get_next_line/get_next_line.h code/libft/libft.h
# automatic
# | := 
# automatic
# < := code/so_long.c
# automatic
# ^ := code/so_long.c code/so_long.h code/ft_printf/ft_printf.h code/get_next_line/get_next_line.h code/libft/libft.h
# automatic
# ? := code/so_long.c code/so_long.h code/ft_printf/ft_printf.h code/get_next_line/get_next_line.h code/libft/libft.h
# variable set hash-table stats:
# Load=8/32=25%, Rehash=0, Collisions=1/14=7%
#  commands to execute (from `Makefile', line 46):
	$(CC) ${FLAGS} -Imlx -c $< -o $@
	

all: so_long
#  Command-line target.
#  Implicit rule search has been done.
#  File does not exist.
#  File has been updated.
#  Needs to be updated (-q is set).
# variable set hash-table stats:
# Load=0/32=0%, Rehash=0, Collisions=0/4=0%

# Not a target:
code/ft_printf/ft_putnbr.c:
#  Implicit rule search has not been done.
#  Modification time never checked.
#  File has not been updated.

# Not a target:
code/libft/ft_putchar_fd.c:
#  Implicit rule search has not been done.
#  Modification time never checked.
#  File has not been updated.

# Not a target:
code/libft/ft_atoi.c:
#  Implicit rule search has not been done.
#  Modification time never checked.
#  File has not been updated.

# Not a target:
code/libft/ft_strtrim.c:
#  Implicit rule search has not been done.
#  Modification time never checked.
#  File has not been updated.

# Not a target:
code/libft/ft_lstadd_back.c:
#  Implicit rule search has not been done.
#  Modification time never checked.
#  File has not been updated.

# Not a target:
.SUFFIXES:
#  Implicit rule search has not been done.
#  Modification time never checked.
#  File has not been updated.

# Not a target:
code/libft/ft_putendl_fd.c:
#  Implicit rule search has not been done.
#  Modification time never checked.
#  File has not been updated.

# Not a target:
code/map.o:
#  Implicit rule search has not been done.
#  Modification time never checked.
#  File has not been updated.

# Not a target:
code/libft/ft_lstiter.c:
#  Implicit rule search has not been done.
#  Modification time never checked.
#  File has not been updated.

# Not a target:
Makefile:
#  Implicit rule search has been done.
#  Last modified 2022-02-20 13:14:07
#  File has been updated.
#  Successfully updated.
# variable set hash-table stats:
# Load=0/32=0%, Rehash=0, Collisions=0/0=0%

# Not a target:
code/get_next_line/get_next_line_utils.c:
#  Implicit rule search has not been done.
#  Modification time never checked.
#  File has not been updated.

# Not a target:
code/libft/ft_memcpy.c:
#  Implicit rule search has not been done.
#  Modification time never checked.
#  File has not been updated.

# Not a target:
code/libft/ft_itoa.c:
#  Implicit rule search has not been done.
#  Modification time never checked.
#  File has not been updated.

# Not a target:
code/libft/ft_memcmp.c:
#  Implicit rule search has not been done.
#  Modification time never checked.
#  File has not been updated.

# Not a target:
code/libft/ft_strlen.c:
#  Implicit rule search has not been done.
#  Modification time never checked.
#  File has not been updated.

# Not a target:
code/libft/ft_isdigit.c:
#  Implicit rule search has not been done.
#  Modification time never checked.
#  File has not been updated.

# Not a target:
code/ft_printf/ft_printf.c:
#  Implicit rule search has not been done.
#  Modification time never checked.
#  File has not been updated.

# Not a target:
code/libft/ft_lstlast.c:
#  Implicit rule search has not been done.
#  Modification time never checked.
#  File has not been updated.

# Not a target:
code/libft/ft_memchr.c:
#  Implicit rule search has not been done.
#  Modification time never checked.
#  File has not been updated.

# Not a target:
code/libft/ft_memset.c:
#  Implicit rule search has not been done.
#  Modification time never checked.
#  File has not been updated.

# Not a target:
code/ft_printf/ft_putnbr_base2.c:
#  Implicit rule search has not been done.
#  Modification time never checked.
#  File has not been updated.

# Not a target:
code/so_long.c:
#  Implicit rule search has been done.
#  Last modified 2022-02-20 13:26:08
#  File has been updated.
#  Successfully updated.
# variable set hash-table stats:
# Load=0/32=0%, Rehash=0, Collisions=0/0=0%

# Not a target:
code/draw.o:
#  Implicit rule search has not been done.
#  Modification time never checked.
#  File has not been updated.

# Not a target:
code/libft/ft_tolower.c:
#  Implicit rule search has not been done.
#  Modification time never checked.
#  File has not been updated.

# Not a target:
code/ft_printf/ft_putstr.c:
#  Implicit rule search has not been done.
#  Modification time never checked.
#  File has not been updated.

# Not a target:
code/libft/ft_strrchr.c:
#  Implicit rule search has not been done.
#  Modification time never checked.
#  File has not been updated.

# Not a target:
code/libft/ft_strjoin.c:
#  Implicit rule search has not been done.
#  Modification time never checked.
#  File has not been updated.

# Not a target:
code/libft/ft_split.c:
#  Implicit rule search has not been done.
#  Modification time never checked.
#  File has not been updated.

# Not a target:
code/libft/ft_lstclear.c:
#  Implicit rule search has not been done.
#  Modification time never checked.
#  File has not been updated.

 
fclean: clean
#  Implicit rule search has not been done.
#  Modification time never checked.
#  File has not been updated.
#  commands to execute (from `Makefile', line 64):
	@rm -f ${NAME} so_long
	

# Not a target:
code/libft/ft_strlcat.c:
#  Implicit rule search has not been done.
#  Modification time never checked.
#  File has not been updated.

# Not a target:
code/ft_printf/ft_printf.h:
#  Implicit rule search has been done.
#  Last modified 2022-02-14 20:23:37
#  File has been updated.
#  Successfully updated.
# variable set hash-table stats:
# Load=0/32=0%, Rehash=0, Collisions=0/0=0%

# Not a target:
code/ft_printf/ft_putchar.c:
#  Implicit rule search has not been done.
#  Modification time never checked.
#  File has not been updated.

# Not a target:
code/libft/ft_bzero.c:
#  Implicit rule search has not been done.
#  Modification time never checked.
#  File has not been updated.

# Not a target:
code/libft/ft_isprint.c:
#  Implicit rule search has not been done.
#  Modification time never checked.
#  File has not been updated.

# Not a target:
code/so_long.h:
#  Implicit rule search has been done.
#  Last modified 2022-02-20 10:21:34
#  File has been updated.
#  Successfully updated.
# variable set hash-table stats:
# Load=0/32=0%, Rehash=0, Collisions=0/0=0%

# Not a target:
code/move.o:
#  Implicit rule search has not been done.
#  Modification time never checked.
#  File has not been updated.

# Not a target:
.DEFAULT:
#  Implicit rule search has not been done.
#  Modification time never checked.
#  File has not been updated.

# Not a target:
code/libft/ft_striteri.c:
#  Implicit rule search has not been done.
#  Modification time never checked.
#  File has not been updated.

# Not a target:
code/get_next_line/get_next_line.c:
#  Implicit rule search has not been done.
#  Modification time never checked.
#  File has not been updated.

re: fclean all
#  Implicit rule search has not been done.
#  Modification time never checked.
#  File has not been updated.

# Not a target:
code/libft/ft_lstnew.c:
#  Implicit rule search has not been done.
#  Modification time never checked.
#  File has not been updated.

clean:
#  Implicit rule search has not been done.
#  Modification time never checked.
#  File has not been updated.
#  commands to execute (from `Makefile', line 61):
	@rm -f ./code/*.a ./code/*.o ./code/ft_printf/*.o ./code/get_next_line/*.o ./code/libft/*.o
	

# Not a target:
code/libft/libft.h:
#  Implicit rule search has been done.
#  Last modified 2022-02-16 19:03:32
#  File has been updated.
#  Successfully updated.
# variable set hash-table stats:
# Load=0/32=0%, Rehash=0, Collisions=0/0=0%

# Not a target:
code/libft/ft_putnbr_fd.c:
#  Implicit rule search has not been done.
#  Modification time never checked.
#  File has not been updated.

# Not a target:
code/libft/ft_calloc.c:
#  Implicit rule search has not been done.
#  Modification time never checked.
#  File has not been updated.

# Not a target:
code/libft/ft_substr.c:
#  Implicit rule search has not been done.
#  Modification time never checked.
#  File has not been updated.

# Not a target:
code/get_next_line/get_next_line.h:
#  Implicit rule search has been done.
#  Last modified 2022-02-20 10:30:52
#  File has been updated.
#  Successfully updated.
# variable set hash-table stats:
# Load=0/32=0%, Rehash=0, Collisions=0/0=0%

# Not a target:
code/map_check.o:
#  Implicit rule search has not been done.
#  Modification time never checked.
#  File has not been updated.

# Not a target:
code/libft/ft_isalpha.c:
#  Implicit rule search has not been done.
#  Modification time never checked.
#  File has not been updated.

# Not a target:
code/libft/ft_lstsize.c:
#  Implicit rule search has not been done.
#  Modification time never checked.
#  File has not been updated.

# Not a target:
code/libft/ft_strmapi.c:
#  Implicit rule search has not been done.
#  Modification time never checked.
#  File has not been updated.

so_long: code/so_long.o code/map.o code/map_check.o code/move.o code/draw.o code/ft_printf/ft_printf.c code/ft_printf/ft_putchar.c code/ft_printf/ft_putnbr.c code/ft_printf/ft_putnbr_base.c code/ft_printf/ft_putnbr_base2.c code/ft_printf/ft_putstr.c code/ft_printf/main.c code/get_next_line/get_next_line.c code/get_next_line/get_next_line_utils.c code/libft/ft_atoi.c code/libft/ft_bzero.c code/libft/ft_calloc.c code/libft/ft_isalnum.c code/libft/ft_isalpha.c code/libft/ft_isascii.c code/libft/ft_isdigit.c code/libft/ft_isprint.c code/libft/ft_itoa.c code/libft/ft_lstadd_back.c code/libft/ft_lstadd_front.c code/libft/ft_lstclear.c code/libft/ft_lstdelone.c code/libft/ft_lstiter.c code/libft/ft_lstlast.c code/libft/ft_lstnew.c code/libft/ft_lstsize.c code/libft/ft_memchr.c code/libft/ft_memcmp.c code/libft/ft_memcpy.c code/libft/ft_memmove.c code/libft/ft_memset.c code/libft/ft_putchar_fd.c code/libft/ft_putendl_fd.c code/libft/ft_putnbr_fd.c code/libft/ft_putstr_fd.c code/libft/ft_split.c code/libft/ft_strchr.c code/libft/ft_strdup.c code/libft/ft_striteri.c code/libft/ft_strjoin.c code/libft/ft_strlcat.c code/libft/ft_strlcpy.c code/libft/ft_strlen.c code/libft/ft_strmapi.c code/libft/ft_strncmp.c code/libft/ft_strnstr.c code/libft/ft_strrchr.c code/libft/ft_strtrim.c code/libft/ft_substr.c code/libft/ft_tolower.c code/libft/ft_toupper.c
#  Implicit rule search has not been done.
#  File does not exist.
#  File has been updated.
#  Needs to be updated (-q is set).
# variable set hash-table stats:
# Load=0/32=0%, Rehash=0, Collisions=0/4=0%
#  commands to execute (from `Makefile', line 49):
	@$(MAKE) -C $(FT_PRINTF_FOLDER)
	@$(MAKE) -C $(GET_NEXT_LINE_FOLDER)
	@$(MAKE) -C $(LIBFT_FOLDER)
	@echo "make the so_long program"
	@echo "make the printf.a" 
	@echo "make the get_next_line.a"
	@echo "make the libft.a"
	@$(CC) $(SRCOBJ) $(PRINTF) $(GET_NEXT_LINE) $(LIBFT) -lmlx -framework OpenGL -framework AppKit -o $(NAME)
	

# Not a target:
code/libft/ft_strlcpy.c:
#  Implicit rule search has not been done.
#  Modification time never checked.
#  File has not been updated.

# Not a target:
code/libft/ft_strncmp.c:
#  Implicit rule search has not been done.
#  Modification time never checked.
#  File has not been updated.

# Not a target:
code/libft/ft_isascii.c:
#  Implicit rule search has not been done.
#  Modification time never checked.
#  File has not been updated.

# Not a target:
code/libft/ft_isalnum.c:
#  Implicit rule search has not been done.
#  Modification time never checked.
#  File has not been updated.

# Not a target:
code/libft/ft_lstadd_front.c:
#  Implicit rule search has not been done.
#  Modification time never checked.
#  File has not been updated.

# Not a target:
code/libft/ft_strdup.c:
#  Implicit rule search has not been done.
#  Modification time never checked.
#  File has not been updated.

# Not a target:
code/libft/ft_lstdelone.c:
#  Implicit rule search has not been done.
#  Modification time never checked.
#  File has not been updated.

# files hash-table stats:
# Load=69/1024=7%, Rehash=0, Collisions=6/153=4%
# VPATH Search Paths

# No `vpath' search paths.

# No general (`VPATH' variable) search path.

# # of strings in strcache: 1
# # of strcache buffers: 1
# strcache size: total = 4096 / max = 4096 / min = 4096 / avg = 4096
# strcache free: total = 4087 / max = 4087 / min = 4087 / avg = 4087

# Finished Make data base on Mon Feb 21 12:58:50 2022

 
